hanoi.gov.vn
langson.gov.vn
kiengiang.gov.vn
namdinh.gov.vn
tayninh.gov.vn
binhthuan.gov.vn
travinh.gov.vn
dienbien.gov.vn
bacninh.gov.vn
hanam.gov.vn
tuyenquang.gov.vn
ninhbinh.gov.vn
backan.gov.vn
thainguyen.gov.vn
baclieu.gov.vn
sonla.gov.vn
baria-vungtau.gov.vn
thaibinh.gov.vn
phutho.gov.vn
haugiang.gov.vn
caobang.gov.vn
camau.gov.vn
bentre.gov.vn
haiduong.gov.vn
phuyen.gov.vn
soctrang.gov.vn
laichau.gov.vn
hagiang.gov.vn
laocai.gov.vn
quangninh.gov.vn
angiang.gov.vn
dongthap.gov.vn
binhphuoc.gov.vn
quangbinh.gov.vn
hatinh.gov.vn
quangtri.gov.vn
yenbai.gov.vn
longan.gov.vn
khanhhoa.gov.vn
binhdinh.gov.vn
danang.gov.vn
bacgiang.gov.vn
tphcm.gov.vn
tiengiang.gov.vn
hungyen.gov.vn
gialai.gov.vn
cantho.gov.vn
kontum.gov.vn
lamdong.gov.vn
dongnai.gov.vn
haiphong.gov.vn
thuathienhue.gov.vn
thanhhoa.gov.vn
daklak.gov.vn
ninhthuan.gov.vn
quangngai.gov.vn
nghean.gov.vn
hoabinh.gov.vn
binhduong.gov.vn
daknong.gov.vn
quangnam.gov.vn
vinhphuc.gov.vn
vinhlong.gov.vn